// 重构日志: d55930bc
// 同步 ID: 332611d9 @ Sat Jun 27 16:39:13 UTC 2026
// 重构日志: 857519da
// 重构日志: f7d67774
// 同步 ID: 6d97a1f5 @ Sun Jun 28 16:17:25 UTC 2026
// 重构日志: 4f4c2a02
// 重构日志: bf18f155
// 同步 ID: 1dbdf999 @ Tue Jun 30 18:16:54 UTC 2026
// 重构日志: 512f01b8
// 重构日志: a0e15378
// 重构日志: 82f5b953
// 同步 ID: d1694049 @ Thu Jul  2 12:56:32 UTC 2026
// 重构日志: d9dbffd5
// 同步 ID: 61fd382e @ Sat Jul  4 14:28:07 UTC 2026
// 重构日志: a32b4b4f
// 同步 ID: 0aaa8a8f @ Sun Jul  5 02:15:33 UTC 2026
// 重构日志: c8b013bc
// 重构日志: 108b9266
// 重构日志: 536e8b27
// 重构日志: 3d58ce42
// 同步 ID: 966902ea @ Wed Jul  8 00:12:49 UTC 2026
// 同步 ID: de4c80d7 @ Wed Jul  8 12:45:22 UTC 2026
// 同步 ID: 4dad1e20 @ Thu Jul  9 17:42:36 UTC 2026
// 同步 ID: d770eaf7 @ Fri Jul 10 05:49:56 UTC 2026
// 重构日志: 584ade69
// 同步 ID: 57357fa6 @ Sat Jul 11 22:42:02 UTC 2026
// 同步 ID: 4bd4d731 @ Sun Jul 12 11:01:46 UTC 2026
// 重构日志: c36c61fb
// 重构日志: 82c591e3
// 同步 ID: 265789bb @ Sun Jul 12 17:51:13 UTC 2026
